Arguments: 
  C:\Program Files\nodejs\node.exe C:\Users\Gamal\AppData\Roaming\npm\node_modules\yarn\bin\yarn.js add node_timer

PATH: 
  C:\Program Files\WindowsApps\Microsoft.PowerShell_7.3.2.0_x64__8wekyb3d8bbwe;C:\Program Files\Microsoft\jdk-11.0.12.7-hotspot\bin;C:\Windows\system32;C:\Windows;C:\Windows\System32\Wbem;C:\Windows\System32\WindowsPowerShell\v1.0\;C:\Windows\System32\OpenSSH\;C:\Program Files\dotnet\;C:\Program Files\nodejs\;C:\Program Files\Git\cmd;C:\Users\Gamal\AppData\Local\Android\Sdk\tools;C:\Users\Gamal\AppData\Local\Android\Sdk\platform-tools;C:\Program Files\PuTTY\;C:\WINDOWS\system32;C:\WINDOWS;C:\WINDOWS\System32\Wbem;C:\WINDOWS\System32\WindowsPowerShell\v1.0\;C:\WINDOWS\System32\OpenSSH\;C:\Go\bin;C:\ProgramData\chocolatey\bin;C:\Program Files\CMake\bin;C:\Users\Gamal\AppData\Local\Microsoft\WindowsApps;C:\Users\Gamal\AppData\Roaming\npm;C:\Users\Gamal\AppData\Local\GitHubDesktop\bin;C:\flutter\bin;;C:\Users\Gamal\.deno\bin;C:\Users\Gamal\AppData\Local\Programs\Microsoft VS Code\bin;C:\Users\Gamal\AppData\Local\Programs\oh-my-posh\bin;C:\Users\Gamal\.dotnet\tools;C:\Users\Gamal\AppData\Local\Microsoft\WindowsApps;C:\Users\Gamal\go\bin

Yarn version: 
  1.22.18

Node version: 
  16.14.2

Platform: 
  win32 x64

Trace: 
  Error: https://registry.yarnpkg.com/node_timer: Not found
      at Request.params.callback [as _callback] (C:\Users\Gamal\AppData\Roaming\npm\node_modules\yarn\lib\cli.js:66138:18)
      at Request.self.callback (C:\Users\Gamal\AppData\Roaming\npm\node_modules\yarn\lib\cli.js:140883:22)
      at Request.emit (node:events:526:28)
      at Request.<anonymous> (C:\Users\Gamal\AppData\Roaming\npm\node_modules\yarn\lib\cli.js:141855:10)
      at Request.emit (node:events:526:28)
      at IncomingMessage.<anonymous> (C:\Users\Gamal\AppData\Roaming\npm\node_modules\yarn\lib\cli.js:141777:12)
      at Object.onceWrapper (node:events:645:28)
      at IncomingMessage.emit (node:events:538:35)
      at endReadableNT (node:internal/streams/readable:1345:12)
      at processTicksAndRejections (node:internal/process/task_queues:83:21)

npm manifest: 
  {
    "name": "queue",
    "version": "1.0.0",
    "main": "index.js",
    "author": "Gamaliel Mendez",
    "license": "yes",
    "private": false,
    "scripts": {
      "test1": "node ./test/test.js"
    }
  }

yarn manifest: 
  No manifest

Lockfile: 
  No lockfile
